DEBUG 15-01 13:47:22,200 (PGDSpiderGUI.java:<init>:121)  -starting PGD Spider ...
WARN  15-01 13:47:22,203 (PGDSpiderConfig.java:loadConfig:75)  -PGDSpider configuration file not found! Loading default configuration.
DEBUG 15-01 13:47:23,599 (PGDSpiderGUI.java:initializeGUI:220)  -init actions
DEBUG 15-01 13:47:23,600 (PGDSpiderGUI.java:initializeGUI:233)  -init menu bar
DEBUG 15-01 13:47:23,637 (PGDSpiderGUI.java:initializeGUI:244)  -init input panel
DEBUG 15-01 13:47:23,640 (ParserFactory.java:getParserInstance:161)  -New PGDParser instance
DEBUG 15-01 13:47:23,642 (ParserFactory.java:getParserInstance:53)  -New ArlequinParser instance
DEBUG 15-01 13:47:23,650 (ParserFactory.java:getParserInstance:185)  -Parser for type: BAMOVA is missing!
DEBUG 15-01 13:47:23,650 (ParserFactory.java:getParserInstance:57)  -New BamParser instance
DEBUG 15-01 13:47:23,658 (ParserFactory.java:getParserInstance:61)  -New BapsParser instance
DEBUG 15-01 13:47:23,663 (ParserFactory.java:getParserInstance:65)  -New BatwingParser instance
DEBUG 15-01 13:47:23,665 (ParserFactory.java:getParserInstance:185)  -Parser for type: BAYENV is missing!
DEBUG 15-01 13:47:23,665 (ParserFactory.java:getParserInstance:69)  -New BcfParser instance
DEBUG 15-01 13:47:23,668 (ParserFactory.java:getParserInstance:73)  -New ConvertParser instance
DEBUG 15-01 13:47:23,670 (ParserFactory.java:getParserInstance:77)  -New EigensoftParser instance
DEBUG 15-01 13:47:23,673 (ParserFactory.java:getParserInstance:181)  -New ExtendedFastaParser instance
DEBUG 15-01 13:47:23,676 (ParserFactory.java:getParserInstance:81)  -New FastaParser instance
DEBUG 15-01 13:47:23,678 (ParserFactory.java:getParserInstance:85)  -New FastqParser instance
DEBUG 15-01 13:47:23,679 (ParserFactory.java:getParserInstance:185)  -Parser for type: FDist2 (datacal) is missing!
DEBUG 15-01 13:47:23,679 (ParserFactory.java:getParserInstance:89)  -New FstatParser instance
DEBUG 15-01 13:47:23,681 (ParserFactory.java:getParserInstance:93)  -New GdaParser instance
DEBUG 15-01 13:47:23,683 (ParserFactory.java:getParserInstance:97)  -New GenelandParser instance
DEBUG 15-01 13:47:23,685 (ParserFactory.java:getParserInstance:101)  -New GenepopParser instance
DEBUG 15-01 13:47:23,687 (ParserFactory.java:getParserInstance:105)  -New GenetixParser instance
DEBUG 15-01 13:47:23,689 (ParserFactory.java:getParserInstance:185)  -Parser for type: GESTE / BayeScan is missing!
DEBUG 15-01 13:47:23,690 (ParserFactory.java:getParserInstance:109)  -New HgdpParser instance
DEBUG 15-01 13:47:23,691 (ParserFactory.java:getParserInstance:113)  -New HgdpCephParser instance
DEBUG 15-01 13:47:23,692 (ParserFactory.java:getParserInstance:117)  -New Ima2Parser instance
DEBUG 15-01 13:47:23,695 (ParserFactory.java:getParserInstance:121)  -New ImmancParser instance
DEBUG 15-01 13:47:23,697 (ParserFactory.java:getParserInstance:125)  -New ImParser instance
DEBUG 15-01 13:47:23,699 (ParserFactory.java:getParserInstance:185)  -Parser for type: KML is missing!
DEBUG 15-01 13:47:23,699 (ParserFactory.java:getParserInstance:129)  -New MafParser instance
DEBUG 15-01 13:47:23,700 (ParserFactory.java:getParserInstance:133)  -New MegaParser instance
DEBUG 15-01 13:47:23,703 (ParserFactory.java:getParserInstance:137)  -New MigrateParser instance
DEBUG 15-01 13:47:23,705 (ParserFactory.java:getParserInstance:141)  -New MsaParser instance
DEBUG 15-01 13:47:23,707 (ParserFactory.java:getParserInstance:185)  -Parser for type: MSVar is missing!
DEBUG 15-01 13:47:23,707 (ParserFactory.java:getParserInstance:145)  -New NewHybridsParser instance
DEBUG 15-01 13:47:23,710 (ParserFactory.java:getParserInstance:149)  -New NexusParser instance
DEBUG 15-01 13:47:23,714 (ParserFactory.java:getParserInstance:153)  -New OneSampParser instance
DEBUG 15-01 13:47:23,716 (ParserFactory.java:getParserInstance:157)  -New PedParser instance
DEBUG 15-01 13:47:23,719 (ParserFactory.java:getParserInstance:165)  -New PhylipParser instance
DEBUG 15-01 13:47:23,721 (ParserFactory.java:getParserInstance:169)  -New SamParser instance
DEBUG 15-01 13:47:23,725 (ParserFactory.java:getParserInstance:185)  -Parser for type: Structurama is missing!
DEBUG 15-01 13:47:23,725 (ParserFactory.java:getParserInstance:173)  -New StructureParser instance
DEBUG 15-01 13:47:23,728 (ParserFactory.java:getParserInstance:177)  -New VcfParser instance
DEBUG 15-01 13:47:23,737 (PGDSpiderGUI.java:initializeGUI:247)  -init output panel
DEBUG 15-01 13:47:23,765 (WriterFactory.java:getWriterInstance:171)  -Writer for type: CONVERT is missing!
DEBUG 15-01 13:47:23,786 (WriterFactory.java:getWriterInstance:171)  -Writer for type: HGDP is missing!
DEBUG 15-01 13:47:23,786 (WriterFactory.java:getWriterInstance:171)  -Writer for type: HGDP_CEPH (Arlequin) is missing!
DEBUG 15-01 13:47:23,797 (WriterFactory.java:getWriterInstance:171)  -Writer for type: MAF is missing!
DEBUG 15-01 13:47:23,833 (PGDSpiderGUI.java:initializeGUI:250)  -init spid panel
DEBUG 15-01 13:47:23,835 (PGDSpiderGUI.java:initializeGUI:253)  -init log panel
DEBUG 15-01 13:47:23,836 (PGDSpiderGUI.java:initializeGUI:256)  -init button panel
DEBUG 15-01 13:47:25,780 (PGDSpiderGUI.java:<init>:187)  -PGD Spider up and running...
DEBUG 15-01 13:48:33,857 (PGDSpiderGUI.java:closePGDSpider:526)  -Exiting PGDSpider
DEBUG 15-01 13:48:33,858 (PGDSpiderGUI.java:closePGDSpider:527)  -Save window size
DEBUG 15-01 13:48:33,918 (PGDSpiderGUI.java:closePGDSpider:531)  -Shutdown java vm ...
DEBUG 15-01 13:56:54,542 (PGDSpiderGUI.java:<init>:121)  -starting PGD Spider ...
INFO  15-01 13:56:54,545 (PGDSpiderConfig.java:loadConfig:64)  -load PGDSpider configuration from: /Users/dinghanji/Downloads/PGDSpider_2.1.1.3/spider.conf.xml
DEBUG 15-01 13:56:55,836 (PGDSpiderGUI.java:initializeGUI:220)  -init actions
DEBUG 15-01 13:56:55,836 (PGDSpiderGUI.java:initializeGUI:233)  -init menu bar
DEBUG 15-01 13:56:55,874 (PGDSpiderGUI.java:initializeGUI:244)  -init input panel
DEBUG 15-01 13:56:55,878 (ParserFactory.java:getParserInstance:161)  -New PGDParser instance
DEBUG 15-01 13:56:55,882 (ParserFactory.java:getParserInstance:53)  -New ArlequinParser instance
DEBUG 15-01 13:56:55,893 (ParserFactory.java:getParserInstance:185)  -Parser for type: BAMOVA is missing!
DEBUG 15-01 13:56:55,893 (ParserFactory.java:getParserInstance:57)  -New BamParser instance
DEBUG 15-01 13:56:55,900 (ParserFactory.java:getParserInstance:61)  -New BapsParser instance
DEBUG 15-01 13:56:55,905 (ParserFactory.java:getParserInstance:65)  -New BatwingParser instance
DEBUG 15-01 13:56:55,906 (ParserFactory.java:getParserInstance:185)  -Parser for type: BAYENV is missing!
DEBUG 15-01 13:56:55,907 (ParserFactory.java:getParserInstance:69)  -New BcfParser instance
DEBUG 15-01 13:56:55,909 (ParserFactory.java:getParserInstance:73)  -New ConvertParser instance
DEBUG 15-01 13:56:55,912 (ParserFactory.java:getParserInstance:77)  -New EigensoftParser instance
DEBUG 15-01 13:56:55,914 (ParserFactory.java:getParserInstance:181)  -New ExtendedFastaParser instance
DEBUG 15-01 13:56:55,918 (ParserFactory.java:getParserInstance:81)  -New FastaParser instance
DEBUG 15-01 13:56:55,919 (ParserFactory.java:getParserInstance:85)  -New FastqParser instance
DEBUG 15-01 13:56:55,920 (ParserFactory.java:getParserInstance:185)  -Parser for type: FDist2 (datacal) is missing!
DEBUG 15-01 13:56:55,920 (ParserFactory.java:getParserInstance:89)  -New FstatParser instance
DEBUG 15-01 13:56:55,922 (ParserFactory.java:getParserInstance:93)  -New GdaParser instance
DEBUG 15-01 13:56:55,924 (ParserFactory.java:getParserInstance:97)  -New GenelandParser instance
DEBUG 15-01 13:56:55,926 (ParserFactory.java:getParserInstance:101)  -New GenepopParser instance
DEBUG 15-01 13:56:55,929 (ParserFactory.java:getParserInstance:105)  -New GenetixParser instance
DEBUG 15-01 13:56:55,932 (ParserFactory.java:getParserInstance:185)  -Parser for type: GESTE / BayeScan is missing!
DEBUG 15-01 13:56:55,932 (ParserFactory.java:getParserInstance:109)  -New HgdpParser instance
DEBUG 15-01 13:56:55,936 (ParserFactory.java:getParserInstance:113)  -New HgdpCephParser instance
DEBUG 15-01 13:56:55,937 (ParserFactory.java:getParserInstance:117)  -New Ima2Parser instance
DEBUG 15-01 13:56:55,940 (ParserFactory.java:getParserInstance:121)  -New ImmancParser instance
DEBUG 15-01 13:56:55,942 (ParserFactory.java:getParserInstance:125)  -New ImParser instance
DEBUG 15-01 13:56:55,944 (ParserFactory.java:getParserInstance:185)  -Parser for type: KML is missing!
DEBUG 15-01 13:56:55,944 (ParserFactory.java:getParserInstance:129)  -New MafParser instance
DEBUG 15-01 13:56:55,946 (ParserFactory.java:getParserInstance:133)  -New MegaParser instance
DEBUG 15-01 13:56:55,949 (ParserFactory.java:getParserInstance:137)  -New MigrateParser instance
DEBUG 15-01 13:56:55,954 (ParserFactory.java:getParserInstance:141)  -New MsaParser instance
DEBUG 15-01 13:56:55,955 (ParserFactory.java:getParserInstance:185)  -Parser for type: MSVar is missing!
DEBUG 15-01 13:56:55,956 (ParserFactory.java:getParserInstance:145)  -New NewHybridsParser instance
DEBUG 15-01 13:56:55,959 (ParserFactory.java:getParserInstance:149)  -New NexusParser instance
DEBUG 15-01 13:56:55,963 (ParserFactory.java:getParserInstance:153)  -New OneSampParser instance
DEBUG 15-01 13:56:55,964 (ParserFactory.java:getParserInstance:157)  -New PedParser instance
DEBUG 15-01 13:56:55,966 (ParserFactory.java:getParserInstance:165)  -New PhylipParser instance
DEBUG 15-01 13:56:55,969 (ParserFactory.java:getParserInstance:169)  -New SamParser instance
DEBUG 15-01 13:56:55,972 (ParserFactory.java:getParserInstance:185)  -Parser for type: Structurama is missing!
DEBUG 15-01 13:56:55,972 (ParserFactory.java:getParserInstance:173)  -New StructureParser instance
DEBUG 15-01 13:56:55,975 (ParserFactory.java:getParserInstance:177)  -New VcfParser instance
DEBUG 15-01 13:56:55,982 (PGDSpiderGUI.java:initializeGUI:247)  -init output panel
DEBUG 15-01 13:56:56,007 (WriterFactory.java:getWriterInstance:171)  -Writer for type: CONVERT is missing!
DEBUG 15-01 13:56:56,029 (WriterFactory.java:getWriterInstance:171)  -Writer for type: HGDP is missing!
DEBUG 15-01 13:56:56,029 (WriterFactory.java:getWriterInstance:171)  -Writer for type: HGDP_CEPH (Arlequin) is missing!
DEBUG 15-01 13:56:56,042 (WriterFactory.java:getWriterInstance:171)  -Writer for type: MAF is missing!
DEBUG 15-01 13:56:56,076 (PGDSpiderGUI.java:initializeGUI:250)  -init spid panel
DEBUG 15-01 13:56:56,077 (PGDSpiderGUI.java:initializeGUI:253)  -init log panel
DEBUG 15-01 13:56:56,079 (PGDSpiderGUI.java:initializeGUI:256)  -init button panel
DEBUG 15-01 13:56:58,025 (PGDSpiderGUI.java:<init>:187)  -PGD Spider up and running...
DEBUG 15-01 13:59:25,610 (PGDSpiderGUI.java:closePGDSpider:526)  -Exiting PGDSpider
DEBUG 15-01 13:59:25,611 (PGDSpiderGUI.java:closePGDSpider:527)  -Save window size
DEBUG 15-01 13:59:25,675 (PGDSpiderGUI.java:closePGDSpider:531)  -Shutdown java vm ...
DEBUG 18-01 09:14:09,281 (PGDSpiderGUI.java:<init>:121)  -starting PGD Spider ...
INFO  18-01 09:14:09,286 (PGDSpiderConfig.java:loadConfig:64)  -load PGDSpider configuration from: /Users/dinghanji/Downloads/PGDSpider_2.1.1.3/spider.conf.xml
DEBUG 18-01 09:14:11,438 (PGDSpiderGUI.java:initializeGUI:220)  -init actions
DEBUG 18-01 09:14:11,439 (PGDSpiderGUI.java:initializeGUI:233)  -init menu bar
DEBUG 18-01 09:14:11,497 (PGDSpiderGUI.java:initializeGUI:244)  -init input panel
DEBUG 18-01 09:14:11,501 (ParserFactory.java:getParserInstance:161)  -New PGDParser instance
DEBUG 18-01 09:14:11,506 (ParserFactory.java:getParserInstance:53)  -New ArlequinParser instance
DEBUG 18-01 09:14:11,521 (ParserFactory.java:getParserInstance:185)  -Parser for type: BAMOVA is missing!
DEBUG 18-01 09:14:11,522 (ParserFactory.java:getParserInstance:57)  -New BamParser instance
DEBUG 18-01 09:14:11,533 (ParserFactory.java:getParserInstance:61)  -New BapsParser instance
DEBUG 18-01 09:14:11,538 (ParserFactory.java:getParserInstance:65)  -New BatwingParser instance
DEBUG 18-01 09:14:11,541 (ParserFactory.java:getParserInstance:185)  -Parser for type: BAYENV is missing!
DEBUG 18-01 09:14:11,541 (ParserFactory.java:getParserInstance:69)  -New BcfParser instance
DEBUG 18-01 09:14:11,545 (ParserFactory.java:getParserInstance:73)  -New ConvertParser instance
DEBUG 18-01 09:14:11,548 (ParserFactory.java:getParserInstance:77)  -New EigensoftParser instance
DEBUG 18-01 09:14:11,551 (ParserFactory.java:getParserInstance:181)  -New ExtendedFastaParser instance
DEBUG 18-01 09:14:11,556 (ParserFactory.java:getParserInstance:81)  -New FastaParser instance
DEBUG 18-01 09:14:11,558 (ParserFactory.java:getParserInstance:85)  -New FastqParser instance
DEBUG 18-01 09:14:11,560 (ParserFactory.java:getParserInstance:185)  -Parser for type: FDist2 (datacal) is missing!
DEBUG 18-01 09:14:11,560 (ParserFactory.java:getParserInstance:89)  -New FstatParser instance
DEBUG 18-01 09:14:11,563 (ParserFactory.java:getParserInstance:93)  -New GdaParser instance
DEBUG 18-01 09:14:11,566 (ParserFactory.java:getParserInstance:97)  -New GenelandParser instance
DEBUG 18-01 09:14:11,569 (ParserFactory.java:getParserInstance:101)  -New GenepopParser instance
DEBUG 18-01 09:14:11,571 (ParserFactory.java:getParserInstance:105)  -New GenetixParser instance
DEBUG 18-01 09:14:11,573 (ParserFactory.java:getParserInstance:185)  -Parser for type: GESTE / BayeScan is missing!
DEBUG 18-01 09:14:11,573 (ParserFactory.java:getParserInstance:109)  -New HgdpParser instance
DEBUG 18-01 09:14:11,576 (ParserFactory.java:getParserInstance:113)  -New HgdpCephParser instance
DEBUG 18-01 09:14:11,577 (ParserFactory.java:getParserInstance:117)  -New Ima2Parser instance
DEBUG 18-01 09:14:11,580 (ParserFactory.java:getParserInstance:121)  -New ImmancParser instance
DEBUG 18-01 09:14:11,581 (ParserFactory.java:getParserInstance:125)  -New ImParser instance
DEBUG 18-01 09:14:11,584 (ParserFactory.java:getParserInstance:185)  -Parser for type: KML is missing!
DEBUG 18-01 09:14:11,584 (ParserFactory.java:getParserInstance:129)  -New MafParser instance
DEBUG 18-01 09:14:11,586 (ParserFactory.java:getParserInstance:133)  -New MegaParser instance
DEBUG 18-01 09:14:11,589 (ParserFactory.java:getParserInstance:137)  -New MigrateParser instance
DEBUG 18-01 09:14:11,592 (ParserFactory.java:getParserInstance:141)  -New MsaParser instance
DEBUG 18-01 09:14:11,594 (ParserFactory.java:getParserInstance:185)  -Parser for type: MSVar is missing!
DEBUG 18-01 09:14:11,594 (ParserFactory.java:getParserInstance:145)  -New NewHybridsParser instance
DEBUG 18-01 09:14:11,597 (ParserFactory.java:getParserInstance:149)  -New NexusParser instance
DEBUG 18-01 09:14:11,601 (ParserFactory.java:getParserInstance:153)  -New OneSampParser instance
DEBUG 18-01 09:14:11,602 (ParserFactory.java:getParserInstance:157)  -New PedParser instance
DEBUG 18-01 09:14:11,604 (ParserFactory.java:getParserInstance:165)  -New PhylipParser instance
DEBUG 18-01 09:14:11,608 (ParserFactory.java:getParserInstance:169)  -New SamParser instance
DEBUG 18-01 09:14:11,611 (ParserFactory.java:getParserInstance:185)  -Parser for type: Structurama is missing!
DEBUG 18-01 09:14:11,611 (ParserFactory.java:getParserInstance:173)  -New StructureParser instance
DEBUG 18-01 09:14:11,614 (ParserFactory.java:getParserInstance:177)  -New VcfParser instance
DEBUG 18-01 09:14:11,626 (PGDSpiderGUI.java:initializeGUI:247)  -init output panel
DEBUG 18-01 09:14:11,660 (WriterFactory.java:getWriterInstance:171)  -Writer for type: CONVERT is missing!
DEBUG 18-01 09:14:11,686 (WriterFactory.java:getWriterInstance:171)  -Writer for type: HGDP is missing!
DEBUG 18-01 09:14:11,686 (WriterFactory.java:getWriterInstance:171)  -Writer for type: HGDP_CEPH (Arlequin) is missing!
DEBUG 18-01 09:14:11,703 (WriterFactory.java:getWriterInstance:171)  -Writer for type: MAF is missing!
DEBUG 18-01 09:14:11,744 (PGDSpiderGUI.java:initializeGUI:250)  -init spid panel
DEBUG 18-01 09:14:11,746 (PGDSpiderGUI.java:initializeGUI:253)  -init log panel
DEBUG 18-01 09:14:11,748 (PGDSpiderGUI.java:initializeGUI:256)  -init button panel
DEBUG 18-01 09:14:13,703 (PGDSpiderGUI.java:<init>:187)  -PGD Spider up and running...
DEBUG 18-01 09:21:44,047 (PGDSpiderGUI.java:closePGDSpider:526)  -Exiting PGDSpider
DEBUG 18-01 09:21:44,047 (PGDSpiderGUI.java:closePGDSpider:527)  -Save window size
DEBUG 18-01 09:21:44,117 (PGDSpiderGUI.java:closePGDSpider:531)  -Shutdown java vm ...
DEBUG 18-01 09:21:48,347 (PGDSpiderGUI.java:<init>:121)  -starting PGD Spider ...
INFO  18-01 09:21:48,349 (PGDSpiderConfig.java:loadConfig:64)  -load PGDSpider configuration from: /Users/dinghanji/Downloads/PGDSpider_2.1.1.3/spider.conf.xml
DEBUG 18-01 09:21:49,520 (PGDSpiderGUI.java:initializeGUI:220)  -init actions
DEBUG 18-01 09:21:49,520 (PGDSpiderGUI.java:initializeGUI:233)  -init menu bar
DEBUG 18-01 09:21:49,572 (PGDSpiderGUI.java:initializeGUI:244)  -init input panel
DEBUG 18-01 09:21:49,575 (ParserFactory.java:getParserInstance:161)  -New PGDParser instance
DEBUG 18-01 09:21:49,577 (ParserFactory.java:getParserInstance:53)  -New ArlequinParser instance
DEBUG 18-01 09:21:49,591 (ParserFactory.java:getParserInstance:185)  -Parser for type: BAMOVA is missing!
DEBUG 18-01 09:21:49,592 (ParserFactory.java:getParserInstance:57)  -New BamParser instance
DEBUG 18-01 09:21:49,601 (ParserFactory.java:getParserInstance:61)  -New BapsParser instance
DEBUG 18-01 09:21:49,606 (ParserFactory.java:getParserInstance:65)  -New BatwingParser instance
DEBUG 18-01 09:21:49,608 (ParserFactory.java:getParserInstance:185)  -Parser for type: BAYENV is missing!
DEBUG 18-01 09:21:49,609 (ParserFactory.java:getParserInstance:69)  -New BcfParser instance
DEBUG 18-01 09:21:49,611 (ParserFactory.java:getParserInstance:73)  -New ConvertParser instance
DEBUG 18-01 09:21:49,613 (ParserFactory.java:getParserInstance:77)  -New EigensoftParser instance
DEBUG 18-01 09:21:49,616 (ParserFactory.java:getParserInstance:181)  -New ExtendedFastaParser instance
DEBUG 18-01 09:21:49,621 (ParserFactory.java:getParserInstance:81)  -New FastaParser instance
DEBUG 18-01 09:21:49,623 (ParserFactory.java:getParserInstance:85)  -New FastqParser instance
DEBUG 18-01 09:21:49,624 (ParserFactory.java:getParserInstance:185)  -Parser for type: FDist2 (datacal) is missing!
DEBUG 18-01 09:21:49,624 (ParserFactory.java:getParserInstance:89)  -New FstatParser instance
DEBUG 18-01 09:21:49,627 (ParserFactory.java:getParserInstance:93)  -New GdaParser instance
DEBUG 18-01 09:21:49,629 (ParserFactory.java:getParserInstance:97)  -New GenelandParser instance
DEBUG 18-01 09:21:49,631 (ParserFactory.java:getParserInstance:101)  -New GenepopParser instance
DEBUG 18-01 09:21:49,634 (ParserFactory.java:getParserInstance:105)  -New GenetixParser instance
DEBUG 18-01 09:21:49,636 (ParserFactory.java:getParserInstance:185)  -Parser for type: GESTE / BayeScan is missing!
DEBUG 18-01 09:21:49,636 (ParserFactory.java:getParserInstance:109)  -New HgdpParser instance
DEBUG 18-01 09:21:49,639 (ParserFactory.java:getParserInstance:113)  -New HgdpCephParser instance
DEBUG 18-01 09:21:49,640 (ParserFactory.java:getParserInstance:117)  -New Ima2Parser instance
DEBUG 18-01 09:21:49,643 (ParserFactory.java:getParserInstance:121)  -New ImmancParser instance
DEBUG 18-01 09:21:49,644 (ParserFactory.java:getParserInstance:125)  -New ImParser instance
DEBUG 18-01 09:21:49,647 (ParserFactory.java:getParserInstance:185)  -Parser for type: KML is missing!
DEBUG 18-01 09:21:49,647 (ParserFactory.java:getParserInstance:129)  -New MafParser instance
DEBUG 18-01 09:21:49,649 (ParserFactory.java:getParserInstance:133)  -New MegaParser instance
DEBUG 18-01 09:21:49,651 (ParserFactory.java:getParserInstance:137)  -New MigrateParser instance
DEBUG 18-01 09:21:49,654 (ParserFactory.java:getParserInstance:141)  -New MsaParser instance
DEBUG 18-01 09:21:49,656 (ParserFactory.java:getParserInstance:185)  -Parser for type: MSVar is missing!
DEBUG 18-01 09:21:49,656 (ParserFactory.java:getParserInstance:145)  -New NewHybridsParser instance
DEBUG 18-01 09:21:49,659 (ParserFactory.java:getParserInstance:149)  -New NexusParser instance
DEBUG 18-01 09:21:49,663 (ParserFactory.java:getParserInstance:153)  -New OneSampParser instance
DEBUG 18-01 09:21:49,665 (ParserFactory.java:getParserInstance:157)  -New PedParser instance
DEBUG 18-01 09:21:49,668 (ParserFactory.java:getParserInstance:165)  -New PhylipParser instance
DEBUG 18-01 09:21:49,671 (ParserFactory.java:getParserInstance:169)  -New SamParser instance
DEBUG 18-01 09:21:49,674 (ParserFactory.java:getParserInstance:185)  -Parser for type: Structurama is missing!
DEBUG 18-01 09:21:49,674 (ParserFactory.java:getParserInstance:173)  -New StructureParser instance
DEBUG 18-01 09:21:49,677 (ParserFactory.java:getParserInstance:177)  -New VcfParser instance
DEBUG 18-01 09:21:49,688 (PGDSpiderGUI.java:initializeGUI:247)  -init output panel
DEBUG 18-01 09:21:49,714 (WriterFactory.java:getWriterInstance:171)  -Writer for type: CONVERT is missing!
DEBUG 18-01 09:21:49,742 (WriterFactory.java:getWriterInstance:171)  -Writer for type: HGDP is missing!
DEBUG 18-01 09:21:49,743 (WriterFactory.java:getWriterInstance:171)  -Writer for type: HGDP_CEPH (Arlequin) is missing!
DEBUG 18-01 09:21:49,757 (WriterFactory.java:getWriterInstance:171)  -Writer for type: MAF is missing!
DEBUG 18-01 09:21:49,793 (PGDSpiderGUI.java:initializeGUI:250)  -init spid panel
DEBUG 18-01 09:21:49,794 (PGDSpiderGUI.java:initializeGUI:253)  -init log panel
DEBUG 18-01 09:21:49,796 (PGDSpiderGUI.java:initializeGUI:256)  -init button panel
DEBUG 18-01 09:21:51,206 (PGDSpiderGUI.java:closePGDSpider:526)  -Exiting PGDSpider
DEBUG 18-01 09:21:51,207 (PGDSpiderGUI.java:closePGDSpider:527)  -Save window size
DEBUG 18-01 09:21:51,268 (PGDSpiderGUI.java:closePGDSpider:531)  -Shutdown java vm ...
DEBUG 18-01 09:41:33,115 (PGDSpiderGUI.java:<init>:121)  -starting PGD Spider ...
INFO  18-01 09:41:33,118 (PGDSpiderConfig.java:loadConfig:64)  -load PGDSpider configuration from: /Users/dinghanji/Downloads/PGDSpider_2.1.1.3/spider.conf.xml
DEBUG 18-01 09:41:34,234 (PGDSpiderGUI.java:initializeGUI:220)  -init actions
DEBUG 18-01 09:41:34,234 (PGDSpiderGUI.java:initializeGUI:233)  -init menu bar
DEBUG 18-01 09:41:34,287 (PGDSpiderGUI.java:initializeGUI:244)  -init input panel
DEBUG 18-01 09:41:34,290 (ParserFactory.java:getParserInstance:161)  -New PGDParser instance
DEBUG 18-01 09:41:34,294 (ParserFactory.java:getParserInstance:53)  -New ArlequinParser instance
DEBUG 18-01 09:41:34,312 (ParserFactory.java:getParserInstance:185)  -Parser for type: BAMOVA is missing!
DEBUG 18-01 09:41:34,312 (ParserFactory.java:getParserInstance:57)  -New BamParser instance
DEBUG 18-01 09:41:34,321 (ParserFactory.java:getParserInstance:61)  -New BapsParser instance
DEBUG 18-01 09:41:34,325 (ParserFactory.java:getParserInstance:65)  -New BatwingParser instance
DEBUG 18-01 09:41:34,327 (ParserFactory.java:getParserInstance:185)  -Parser for type: BAYENV is missing!
DEBUG 18-01 09:41:34,327 (ParserFactory.java:getParserInstance:69)  -New BcfParser instance
DEBUG 18-01 09:41:34,331 (ParserFactory.java:getParserInstance:73)  -New ConvertParser instance
DEBUG 18-01 09:41:34,333 (ParserFactory.java:getParserInstance:77)  -New EigensoftParser instance
DEBUG 18-01 09:41:34,336 (ParserFactory.java:getParserInstance:181)  -New ExtendedFastaParser instance
DEBUG 18-01 09:41:34,340 (ParserFactory.java:getParserInstance:81)  -New FastaParser instance
DEBUG 18-01 09:41:34,341 (ParserFactory.java:getParserInstance:85)  -New FastqParser instance
DEBUG 18-01 09:41:34,342 (ParserFactory.java:getParserInstance:185)  -Parser for type: FDist2 (datacal) is missing!
DEBUG 18-01 09:41:34,342 (ParserFactory.java:getParserInstance:89)  -New FstatParser instance
DEBUG 18-01 09:41:34,344 (ParserFactory.java:getParserInstance:93)  -New GdaParser instance
DEBUG 18-01 09:41:34,346 (ParserFactory.java:getParserInstance:97)  -New GenelandParser instance
DEBUG 18-01 09:41:34,349 (ParserFactory.java:getParserInstance:101)  -New GenepopParser instance
DEBUG 18-01 09:41:34,351 (ParserFactory.java:getParserInstance:105)  -New GenetixParser instance
DEBUG 18-01 09:41:34,353 (ParserFactory.java:getParserInstance:185)  -Parser for type: GESTE / BayeScan is missing!
DEBUG 18-01 09:41:34,353 (ParserFactory.java:getParserInstance:109)  -New HgdpParser instance
DEBUG 18-01 09:41:34,355 (ParserFactory.java:getParserInstance:113)  -New HgdpCephParser instance
DEBUG 18-01 09:41:34,357 (ParserFactory.java:getParserInstance:117)  -New Ima2Parser instance
DEBUG 18-01 09:41:34,359 (ParserFactory.java:getParserInstance:121)  -New ImmancParser instance
DEBUG 18-01 09:41:34,361 (ParserFactory.java:getParserInstance:125)  -New ImParser instance
DEBUG 18-01 09:41:34,364 (ParserFactory.java:getParserInstance:185)  -Parser for type: KML is missing!
DEBUG 18-01 09:41:34,364 (ParserFactory.java:getParserInstance:129)  -New MafParser instance
DEBUG 18-01 09:41:34,366 (ParserFactory.java:getParserInstance:133)  -New MegaParser instance
DEBUG 18-01 09:41:34,369 (ParserFactory.java:getParserInstance:137)  -New MigrateParser instance
DEBUG 18-01 09:41:34,371 (ParserFactory.java:getParserInstance:141)  -New MsaParser instance
DEBUG 18-01 09:41:34,373 (ParserFactory.java:getParserInstance:185)  -Parser for type: MSVar is missing!
DEBUG 18-01 09:41:34,373 (ParserFactory.java:getParserInstance:145)  -New NewHybridsParser instance
DEBUG 18-01 09:41:34,376 (ParserFactory.java:getParserInstance:149)  -New NexusParser instance
DEBUG 18-01 09:41:34,380 (ParserFactory.java:getParserInstance:153)  -New OneSampParser instance
DEBUG 18-01 09:41:34,382 (ParserFactory.java:getParserInstance:157)  -New PedParser instance
DEBUG 18-01 09:41:34,385 (ParserFactory.java:getParserInstance:165)  -New PhylipParser instance
DEBUG 18-01 09:41:34,387 (ParserFactory.java:getParserInstance:169)  -New SamParser instance
DEBUG 18-01 09:41:34,390 (ParserFactory.java:getParserInstance:185)  -Parser for type: Structurama is missing!
DEBUG 18-01 09:41:34,391 (ParserFactory.java:getParserInstance:173)  -New StructureParser instance
DEBUG 18-01 09:41:34,394 (ParserFactory.java:getParserInstance:177)  -New VcfParser instance
DEBUG 18-01 09:41:34,404 (PGDSpiderGUI.java:initializeGUI:247)  -init output panel
DEBUG 18-01 09:41:34,435 (WriterFactory.java:getWriterInstance:171)  -Writer for type: CONVERT is missing!
DEBUG 18-01 09:41:34,457 (WriterFactory.java:getWriterInstance:171)  -Writer for type: HGDP is missing!
DEBUG 18-01 09:41:34,457 (WriterFactory.java:getWriterInstance:171)  -Writer for type: HGDP_CEPH (Arlequin) is missing!
DEBUG 18-01 09:41:34,467 (WriterFactory.java:getWriterInstance:171)  -Writer for type: MAF is missing!
DEBUG 18-01 09:41:34,505 (PGDSpiderGUI.java:initializeGUI:250)  -init spid panel
DEBUG 18-01 09:41:34,506 (PGDSpiderGUI.java:initializeGUI:253)  -init log panel
DEBUG 18-01 09:41:34,508 (PGDSpiderGUI.java:initializeGUI:256)  -init button panel
DEBUG 18-01 09:41:36,472 (PGDSpiderGUI.java:<init>:187)  -PGD Spider up and running...
DEBUG 18-01 10:05:24,606 (PGDSpiderGUI.java:closePGDSpider:526)  -Exiting PGDSpider
DEBUG 18-01 10:05:24,607 (PGDSpiderGUI.java:closePGDSpider:527)  -Save window size
DEBUG 18-01 10:05:24,672 (PGDSpiderGUI.java:closePGDSpider:531)  -Shutdown java vm ...
